<?xml version="1.0" encoding="UTF-8"?>
<testsuite name="XmlParseTest" tests="1" skipped="0" failures="0" errors="0" timestamp="2019-08-04T06:41:33" hostname="DESKTOP-AH96NKA" time="0.198">
  <properties/>
  <testcase name="test" classname="XmlParseTest" time="0.198"/>
  <system-out><![CDATA[{vnfcs={vnfc=[vnfc1, vnfc2]}, config_param={param_id=cdata_contents, value=gilsoo.hwanng test}}
]]></system-out>
  <system-err><![CDATA[]]></system-err>
</testsuite>
